TN:
SF:src\App.tsx
FN:18,App
FNF:1
FNH:1
FNDA:15,App
DA:1,1
DA:2,1
DA:3,1
DA:4,1
DA:6,1
DA:7,1
DA:8,1
DA:9,1
DA:10,1
DA:11,1
DA:12,1
DA:13,1
DA:14,1
DA:15,1
DA:16,1
DA:19,15
DA:46,1
LF:17
LH:17
BRF:0
BRH:0
end_of_record
TN:
SF:src\components\Footer.tsx
FN:4,(anonymous_0)
FN:9,(anonymous_1)
FN:13,(anonymous_2)
FN:82,(anonymous_3)
FN:123,(anonymous_4)
FNF:5
FNH:5
FNDA:28,(anonymous_0)
FNDA:15,(anonymous_1)
FNDA:5,(anonymous_2)
FNDA:9,(anonymous_3)
FNDA:2,(anonymous_4)
DA:1,1
DA:2,1
DA:4,1
DA:5,28
DA:6,28
DA:7,28
DA:9,28
DA:10,15
DA:13,28
DA:14,5
DA:15,5
DA:16,5
DA:18,5
DA:19,5
DA:20,5
DA:22,5
DA:23,5
DA:24,5
DA:27,5
DA:28,1
DA:29,1
DA:34,4
DA:36,4
DA:37,0
DA:38,0
DA:41,4
DA:42,1
DA:43,1
DA:47,3
DA:49,3
DA:50,3
DA:65,3
DA:66,3
DA:68,3
DA:69,2
DA:70,2
DA:72,1
DA:75,0
DA:76,0
DA:80,28
DA:82,9
DA:124,2
DA:125,2
DA:126,2
DA:146,1
LF:45
LH:41
BRDA:22,0,0,5
BRDA:22,0,1,0
BRDA:23,1,0,5
BRDA:23,1,1,0
BRDA:24,2,0,5
BRDA:24,2,1,0
BRDA:27,3,0,1
BRDA:27,4,0,5
BRDA:27,4,1,4
BRDA:36,5,0,0
BRDA:41,6,0,1
BRDA:41,7,0,4
BRDA:41,7,1,3
BRDA:68,8,0,2
BRDA:68,8,1,1
BRDA:86,9,0,28
BRDA:86,9,1,17
BRDA:114,10,0,17
BRDA:114,10,1,3
BRDA:115,11,0,17
BRDA:115,11,1,2
BRF:21
BRH:17
end_of_record
TN:
SF:src\components\Home.tsx
FN:61,(anonymous_1)
FN:82,(anonymous_2)
FN:101,(anonymous_3)
FN:106,(anonymous_4)
FN:118,(anonymous_5)
FN:119,(anonymous_6)
FN:131,(anonymous_7)
FN:139,(anonymous_8)
FN:140,(anonymous_9)
FN:141,(anonymous_10)
FN:149,(anonymous_11)
FN:150,(anonymous_12)
FN:151,(anonymous_13)
FNF:13
FNH:9
FNDA:17,(anonymous_1)
FNDA:68,(anonymous_2)
FNDA:102,(anonymous_3)
FNDA:0,(anonymous_4)
FNDA:68,(anonymous_5)
FNDA:3,(anonymous_6)
FNDA:153,(anonymous_7)
FNDA:1,(anonymous_8)
FNDA:2,(anonymous_9)
FNDA:1,(anonymous_10)
FNDA:0,(anonymous_11)
FNDA:0,(anonymous_12)
FNDA:0,(anonymous_13)
DA:1,1
DA:2,1
DA:3,1
DA:6,1
DA:7,1
DA:8,1
DA:9,1
DA:10,1
DA:11,1
DA:12,1
DA:13,1
DA:14,1
DA:16,1
DA:17,1
DA:18,1
DA:19,1
DA:21,1
DA:22,1
DA:23,1
DA:24,1
DA:25,1
DA:26,1
DA:27,1
DA:28,1
DA:29,1
DA:30,1
DA:39,1
DA:51,1
DA:58,1
DA:59,1
DA:61,1
DA:62,17
DA:63,17
DA:65,17
DA:76,17
DA:83,68
DA:102,102
DA:106,0
DA:119,68
DA:132,153
DA:139,1
DA:140,2
DA:141,1
DA:149,0
DA:150,0
DA:151,0
DA:160,1
LF:47
LH:43
BRDA:138,0,0,17
BRDA:138,0,1,3
BRDA:148,1,0,17
BRDA:148,1,1,0
BRF:4
BRH:3
end_of_record
TN:
SF:src\components\Navbar.tsx
FN:21,(anonymous_1)
FN:30,(anonymous_2)
FN:39,(anonymous_3)
FN:39,(anonymous_4)
FN:47,(anonymous_5)
FN:55,(anonymous_6)
FN:59,(anonymous_7)
FN:60,(anonymous_8)
FNF:8
FNH:5
FNDA:14,(anonymous_1)
FNDA:0,(anonymous_2)
FNDA:3,(anonymous_3)
FNDA:3,(anonymous_4)
FNDA:0,(anonymous_5)
FNDA:154,(anonymous_6)
FNDA:0,(anonymous_7)
FNDA:1,(anonymous_8)
DA:1,1
DA:2,1
DA:3,1
DA:4,1
DA:5,1
DA:7,1
DA:21,1
DA:22,14
DA:24,14
DA:30,0
DA:39,3
DA:47,0
DA:56,154
DA:59,0
DA:60,1
DA:72,1
LF:16
LH:13
BRDA:37,0,0,2
BRDA:37,0,1,12
BRDA:54,1,0,2
BRDA:54,1,1,12
BRDA:59,2,0,0
BRDA:59,2,1,0
BRF:6
BRH:4
end_of_record
TN:
SF:src\pages\constructora\Constructora.tsx
FN:9,(anonymous_1)
FNF:1
FNH:1
FNDA:7,(anonymous_1)
DA:2,1
DA:4,1
DA:5,1
DA:6,1
DA:7,1
DA:9,1
DA:10,7
DA:86,1
LF:8
LH:8
BRF:0
BRH:0
end_of_record
TN:
SF:src\pages\fondo\FondoAsociados.tsx
FN:9,(anonymous_1)
FNF:1
FNH:1
FNDA:9,(anonymous_1)
DA:2,1
DA:3,1
DA:4,1
DA:5,1
DA:6,1
DA:7,1
DA:9,1
DA:10,9
DA:97,1
LF:9
LH:9
BRF:0
BRH:0
end_of_record
TN:
SF:src\pages\history\History.tsx
FN:5,(anonymous_1)
FNF:1
FNH:1
FNDA:12,(anonymous_1)
DA:1,1
DA:2,1
DA:3,1
DA:5,1
DA:6,12
DA:40,1
LF:6
LH:6
BRF:0
BRH:0
end_of_record
TN:
SF:src\pages\innovacion\InnovacionTecnologia.tsx
FN:7,(anonymous_1)
FNF:1
FNH:1
FNDA:10,(anonymous_1)
DA:2,1
DA:4,1
DA:5,1
DA:7,1
DA:8,10
DA:59,1
LF:6
LH:6
BRF:0
BRH:0
end_of_record
TN:
SF:src\pages\juridicos\ServiciosJuridicos.tsx
FN:9,(anonymous_1)
FNF:1
FNH:1
FNDA:10,(anonymous_1)
DA:2,1
DA:4,1
DA:5,1
DA:6,1
DA:7,1
DA:9,1
DA:10,10
DA:62,1
LF:8
LH:8
BRF:0
BRH:0
end_of_record
TN:
SF:src\pages\marketing\Marketing.tsx
FN:9,(anonymous_1)
FNF:1
FNH:1
FNDA:9,(anonymous_1)
DA:2,1
DA:4,1
DA:5,1
DA:6,1
DA:7,1
DA:9,1
DA:10,9
DA:66,1
LF:8
LH:8
BRF:0
BRH:0
end_of_record
TN:
SF:src\pages\observatorio\Observatorio.tsx
FN:8,(anonymous_1)
FNF:1
FNH:1
FNDA:12,(anonymous_1)
DA:2,1
DA:4,1
DA:5,1
DA:6,1
DA:8,1
DA:9,12
DA:442,1
LF:7
LH:7
BRF:0
BRH:0
end_of_record
TN:
SF:src\pages\seguros\Seguros.tsx
FN:9,(anonymous_1)
FNF:1
FNH:1
FNDA:12,(anonymous_1)
DA:2,1
DA:4,1
DA:5,1
DA:6,1
DA:7,1
DA:9,1
DA:10,12
DA:66,1
LF:8
LH:8
BRF:0
BRH:0
end_of_record
TN:
SF:src\pages\somos\Somos.tsx
FN:5,(anonymous_1)
FNF:1
FNH:1
FNDA:10,(anonymous_1)
DA:1,1
DA:2,1
DA:3,1
DA:5,1
DA:6,10
DA:66,1
LF:6
LH:6
BRF:0
BRH:0
end_of_record
TN:
SF:src\pages\transporte\Transporte.tsx
FN:9,(anonymous_1)
FNF:1
FNH:1
FNDA:8,(anonymous_1)
DA:2,1
DA:4,1
DA:5,1
DA:6,1
DA:7,1
DA:9,1
DA:10,8
DA:83,1
LF:8
LH:8
BRF:0
BRH:0
end_of_record
TN:
SF:src\pages\turismo\Turismo.tsx
FN:9,(anonymous_1)
FNF:1
FNH:1
FNDA:7,(anonymous_1)
DA:2,1
DA:4,1
DA:5,1
DA:6,1
DA:7,1
DA:9,1
DA:10,7
DA:68,1
LF:8
LH:8
BRF:0
BRH:0
end_of_record
