TN:
SF:src\App.tsx
FN:18,App
FNF:1
FNH:1
FNDA:15,App
DA:1,1
DA:2,1
DA:3,1
DA:4,1
DA:6,1
DA:7,1
DA:8,1
DA:9,1
DA:10,1
DA:11,1
DA:12,1
DA:13,1
DA:14,1
DA:15,1
DA:16,1
DA:19,15
DA:46,1
LF:17
LH:17
BRF:0
BRH:0
end_of_record
TN:
SF:src\store.ts
FN:13,(anonymous_0)
FN:15,(anonymous_1)
FN:16,(anonymous_2)
FN:17,(anonymous_3)
FNF:4
FNH:1
FNDA:16,(anonymous_0)
FNDA:0,(anonymous_1)
FNDA:0,(anonymous_2)
FNDA:0,(anonymous_3)
DA:1,16
DA:2,16
DA:11,16
DA:13,16
DA:15,0
DA:17,0
LF:6
LH:4
BRDA:18,0,0,0
BRDA:18,0,1,0
BRF:2
BRH:0
end_of_record
TN:
SF:src\components\CookieConsent.tsx
FN:8,(anonymous_1)
FN:14,(anonymous_2)
FN:18,(anonymous_3)
FN:22,(anonymous_4)
FN:25,(anonymous_5)
FN:28,(anonymous_6)
FN:31,(anonymous_7)
FNF:7
FNH:5
FNDA:17,(anonymous_1)
FNDA:8,(anonymous_2)
FNDA:2,(anonymous_3)
FNDA:1,(anonymous_4)
FNDA:0,(anonymous_5)
FNDA:1,(anonymous_6)
FNDA:0,(anonymous_7)
DA:1,2
DA:2,2
DA:3,2
DA:4,2
DA:5,2
DA:6,2
DA:8,2
DA:9,17
DA:10,17
DA:11,17
DA:12,17
DA:14,17
DA:15,8
DA:16,8
DA:17,7
DA:18,7
DA:22,17
DA:23,1
DA:24,1
DA:25,1
DA:28,17
DA:29,1
DA:30,1
DA:31,1
DA:34,17
DA:36,9
DA:54,2
LF:27
LH:27
BRDA:16,0,0,7
BRDA:34,1,0,8
BRDA:37,2,0,0
BRDA:37,2,1,9
BRF:4
BRH:3
end_of_record
TN:
SF:src\components\Footer.tsx
FN:6,(anonymous_0)
FN:13,(anonymous_1)
FN:17,(anonymous_2)
FN:85,(anonymous_3)
FN:126,(anonymous_4)
FNF:5
FNH:5
FNDA:43,(anonymous_0)
FNDA:15,(anonymous_1)
FNDA:5,(anonymous_2)
FNDA:9,(anonymous_3)
FNDA:2,(anonymous_4)
DA:1,2
DA:2,2
DA:3,2
DA:4,2
DA:6,2
DA:7,43
DA:8,43
DA:9,43
DA:10,43
DA:11,43
DA:13,43
DA:14,15
DA:17,43
DA:18,5
DA:19,5
DA:20,5
DA:22,5
DA:23,5
DA:24,5
DA:26,5
DA:27,5
DA:28,5
DA:31,5
DA:32,1
DA:33,1
DA:38,4
DA:40,4
DA:41,0
DA:42,0
DA:45,4
DA:46,1
DA:47,1
DA:51,3
DA:53,3
DA:54,3
DA:69,3
DA:72,3
DA:73,2
DA:74,2
DA:76,1
DA:79,0
DA:83,43
DA:85,9
DA:127,2
DA:128,2
DA:129,2
DA:148,2
LF:47
LH:44
BRDA:26,0,0,5
BRDA:26,0,1,0
BRDA:27,1,0,5
BRDA:27,1,1,0
BRDA:28,2,0,5
BRDA:28,2,1,0
BRDA:31,3,0,1
BRDA:31,4,0,5
BRDA:31,4,1,4
BRDA:40,5,0,0
BRDA:45,6,0,1
BRDA:45,7,0,4
BRDA:45,7,1,3
BRDA:72,8,0,2
BRDA:72,8,1,1
BRDA:89,9,0,43
BRDA:89,9,1,17
BRDA:117,10,0,17
BRDA:117,10,1,3
BRDA:118,11,0,17
BRDA:118,11,1,2
BRF:21
BRH:17
end_of_record
TN:
SF:src\components\Home.tsx
FN:66,(anonymous_1)
FN:111,(anonymous_2)
FN:112,(anonymous_3)
FN:114,(anonymous_4)
FN:133,(anonymous_5)
FN:143,(anonymous_6)
FN:160,(anonymous_7)
FN:163,(anonymous_8)
FN:187,(anonymous_9)
FN:192,(anonymous_10)
FN:207,(anonymous_11)
FN:220,(anonymous_12)
FN:236,(anonymous_13)
FN:237,(anonymous_14)
FN:239,(anonymous_15)
FN:242,(anonymous_16)
FN:268,(anonymous_17)
FN:269,(anonymous_18)
FN:271,(anonymous_19)
FN:274,(anonymous_20)
FNF:20
FNH:11
FNDA:20,(anonymous_1)
FNDA:17,(anonymous_2)
FNDA:0,(anonymous_3)
FNDA:17,(anonymous_4)
FNDA:2,(anonymous_5)
FNDA:180,(anonymous_6)
FNDA:140,(anonymous_7)
FNDA:1,(anonymous_8)
FNDA:80,(anonymous_9)
FNDA:1,(anonymous_10)
FNDA:0,(anonymous_11)
FNDA:180,(anonymous_12)
FNDA:1,(anonymous_13)
FNDA:0,(anonymous_14)
FNDA:0,(anonymous_15)
FNDA:0,(anonymous_16)
FNDA:0,(anonymous_17)
FNDA:0,(anonymous_18)
FNDA:0,(anonymous_19)
FNDA:0,(anonymous_20)
DA:1,2
DA:2,2
DA:3,2
DA:4,2
DA:5,2
DA:6,2
DA:9,2
DA:10,2
DA:11,2
DA:12,2
DA:13,2
DA:14,2
DA:15,2
DA:16,2
DA:17,2
DA:19,2
DA:20,2
DA:21,2
DA:22,2
DA:24,2
DA:25,2
DA:26,2
DA:27,2
DA:28,2
DA:29,2
DA:30,2
DA:40,2
DA:52,2
DA:64,2
DA:66,2
DA:67,20
DA:68,20
DA:69,20
DA:70,20
DA:72,20
DA:99,20
DA:110,20
DA:111,20
DA:112,17
DA:113,17
DA:114,17
DA:117,20
DA:133,20
DA:134,2
DA:137,20
DA:144,180
DA:161,140
DA:163,1
DA:188,80
DA:192,1
DA:208,0
DA:221,180
DA:236,1
DA:237,0
DA:239,0
DA:242,0
DA:268,0
DA:269,0
DA:271,0
DA:274,0
DA:288,2
LF:61
LH:53
BRDA:204,0,0,0
BRDA:204,0,1,20
BRDA:232,1,0,20
BRDA:232,1,1,1
BRDA:237,2,0,0
BRDA:237,2,1,0
BRDA:264,3,0,20
BRDA:264,3,1,1
BRDA:269,4,0,0
BRDA:269,4,1,0
BRF:10
BRH:5
end_of_record
TN:
SF:src\components\Navbar.tsx
FN:9,(anonymous_1)
FN:28,(anonymous_2)
FN:57,(anonymous_3)
FN:57,(anonymous_4)
FN:74,(anonymous_5)
FN:78,(anonymous_6)
FN:91,(anonymous_7)
FN:99,(anonymous_8)
FN:103,(anonymous_9)
FNF:9
FNH:8
FNDA:29,(anonymous_1)
FNDA:1,(anonymous_2)
FNDA:3,(anonymous_3)
FNDA:3,(anonymous_4)
FNDA:319,(anonymous_5)
FNDA:319,(anonymous_6)
FNDA:0,(anonymous_7)
FNDA:319,(anonymous_8)
FNDA:319,(anonymous_9)
DA:1,2
DA:2,2
DA:3,2
DA:4,2
DA:5,2
DA:6,2
DA:7,2
DA:9,2
DA:10,29
DA:11,29
DA:12,29
DA:14,29
DA:28,29
DA:29,1
DA:32,29
DA:57,3
DA:75,319
DA:78,319
DA:91,0
DA:100,319
DA:103,319
DA:116,2
LF:22
LH:21
BRDA:16,0,0,29
BRDA:16,0,1,0
BRDA:22,1,0,29
BRDA:22,1,1,0
BRDA:48,2,0,29
BRDA:48,2,1,0
BRDA:50,3,0,29
BRDA:50,3,1,0
BRDA:54,4,0,2
BRDA:54,4,1,27
BRDA:78,5,0,11
BRDA:78,5,1,308
BRDA:88,6,0,29
BRDA:88,6,1,2
BRDA:97,7,0,2
BRDA:97,7,1,27
BRDA:103,8,0,11
BRDA:103,8,1,308
BRF:18
BRH:14
end_of_record
TN:
SF:src\pages\constructora\Constructora.tsx
FN:11,(anonymous_1)
FNF:1
FNH:1
FNDA:8,(anonymous_1)
DA:2,2
DA:3,2
DA:4,2
DA:6,2
DA:7,2
DA:8,2
DA:9,2
DA:11,2
DA:12,8
DA:13,8
DA:15,8
DA:48,2
LF:12
LH:12
BRF:0
BRH:0
end_of_record
TN:
SF:src\pages\fondo\FondoAsociados.tsx
FN:10,(anonymous_1)
FN:34,(anonymous_2)
FNF:2
FNH:2
FNDA:10,(anonymous_1)
FNDA:40,(anonymous_2)
DA:1,2
DA:2,2
DA:3,2
DA:4,2
DA:5,2
DA:6,2
DA:7,2
DA:8,2
DA:10,2
DA:11,10
DA:12,10
DA:14,10
DA:35,40
DA:57,2
LF:14
LH:14
BRF:0
BRH:0
end_of_record
TN:
SF:src\pages\history\History.tsx
FN:7,(anonymous_1)
FN:20,(anonymous_2)
FNF:2
FNH:2
FNDA:13,(anonymous_1)
FNDA:52,(anonymous_2)
DA:1,2
DA:2,2
DA:3,2
DA:4,2
DA:5,2
DA:7,2
DA:8,13
DA:9,13
DA:11,13
DA:21,52
DA:32,2
LF:11
LH:11
BRF:0
BRH:0
end_of_record
TN:
SF:src\pages\innovacion\InnovacionTecnologia.tsx
FN:8,(anonymous_1)
FNF:1
FNH:1
FNDA:11,(anonymous_1)
DA:1,2
DA:2,2
DA:3,2
DA:5,2
DA:6,2
DA:8,2
DA:9,11
DA:10,11
DA:12,11
DA:44,2
LF:10
LH:10
BRF:0
BRH:0
end_of_record
TN:
SF:src\pages\juridicos\ServiciosJuridicos.tsx
FN:11,(anonymous_1)
FNF:1
FNH:1
FNDA:10,(anonymous_1)
DA:2,2
DA:3,2
DA:4,2
DA:6,2
DA:7,2
DA:8,2
DA:9,2
DA:11,2
DA:12,10
DA:13,10
DA:15,10
DA:47,2
LF:12
LH:12
BRF:0
BRH:0
end_of_record
TN:
SF:src\pages\marketing\Marketing.tsx
FN:10,(anonymous_1)
FNF:1
FNH:1
FNDA:10,(anonymous_1)
DA:1,2
DA:2,2
DA:3,2
DA:5,2
DA:6,2
DA:7,2
DA:8,2
DA:10,2
DA:11,10
DA:12,10
DA:14,10
DA:45,2
LF:12
LH:12
BRF:0
BRH:0
end_of_record
TN:
SF:src\pages\observatorio\Observatorio.tsx
FN:9,(anonymous_1)
FN:41,(anonymous_2)
FN:53,(anonymous_3)
FN:64,(anonymous_4)
FN:75,(anonymous_5)
FN:86,(anonymous_6)
FN:100,(anonymous_7)
FN:105,(anonymous_8)
FN:115,(anonymous_9)
FN:125,(anonymous_10)
FN:135,(anonymous_11)
FN:143,(anonymous_12)
FNF:12
FNH:12
FNDA:12,(anonymous_1)
FNDA:72,(anonymous_2)
FNDA:60,(anonymous_3)
FNDA:48,(anonymous_4)
FNDA:72,(anonymous_5)
FNDA:72,(anonymous_6)
FNDA:36,(anonymous_7)
FNDA:48,(anonymous_8)
FNDA:144,(anonymous_9)
FNDA:48,(anonymous_10)
FNDA:84,(anonymous_11)
FNDA:72,(anonymous_12)
DA:1,2
DA:2,2
DA:3,2
DA:5,2
DA:6,2
DA:7,2
DA:9,2
DA:10,12
DA:11,12
DA:13,12
DA:42,72
DA:54,60
DA:65,48
DA:76,72
DA:87,72
DA:101,36
DA:106,48
DA:116,144
DA:126,48
DA:136,84
DA:144,72
DA:166,2
LF:22
LH:22
BRF:0
BRH:0
end_of_record
TN:
SF:src\pages\seguros\Seguros.tsx
FN:10,(anonymous_1)
FNF:1
FNH:1
FNDA:13,(anonymous_1)
DA:1,2
DA:2,2
DA:3,2
DA:5,2
DA:6,2
DA:7,2
DA:8,2
DA:10,2
DA:11,13
DA:12,13
DA:14,13
DA:45,2
LF:12
LH:12
BRF:0
BRH:0
end_of_record
TN:
SF:src\pages\somos\Somos.tsx
FN:8,(anonymous_1)
FNF:1
FNH:1
FNDA:11,(anonymous_1)
DA:1,2
DA:2,2
DA:3,2
DA:5,2
DA:6,2
DA:8,2
DA:9,11
DA:10,11
DA:12,11
DA:33,2
LF:10
LH:10
BRF:0
BRH:0
end_of_record
TN:
SF:src\pages\transporte\Transporte.tsx
FN:10,(anonymous_1)
FNF:1
FNH:1
FNDA:9,(anonymous_1)
DA:1,2
DA:2,2
DA:3,2
DA:5,2
DA:6,2
DA:7,2
DA:8,2
DA:10,2
DA:11,9
DA:12,9
DA:14,9
DA:44,2
LF:12
LH:12
BRF:0
BRH:0
end_of_record
TN:
SF:src\pages\turismo\Turismo.tsx
FN:10,(anonymous_1)
FNF:1
FNH:1
FNDA:8,(anonymous_1)
DA:1,2
DA:2,2
DA:3,2
DA:5,2
DA:6,2
DA:7,2
DA:8,2
DA:10,2
DA:11,8
DA:12,8
DA:14,8
DA:47,2
LF:12
LH:12
BRF:0
BRH:0
end_of_record
TN:
SF:src\translations\index.ts
FNF:0
FNH:0
DA:1,14
LF:1
LH:1
BRF:0
BRH:0
end_of_record
TN:
SF:src\translations\translations.ts
FNF:0
FNH:0
DA:3,16
LF:1
LH:1
BRF:0
BRH:0
end_of_record
